TN:
SF:src/App.jsx
FN:1,(empty-report)
FNF:1
FNH:0
FNDA:0,(empty-report)
DA:1,0
DA:3,0
DA:4,0
DA:5,0
DA:6,0
DA:7,0
DA:9,0
DA:10,0
DA:11,0
DA:12,0
DA:13,0
DA:14,0
DA:15,0
DA:16,0
DA:17,0
DA:18,0
DA:19,0
DA:20,0
DA:21,0
DA:22,0
DA:23,0
DA:24,0
DA:25,0
DA:26,0
DA:27,0
DA:29,0
DA:30,0
DA:31,0
DA:32,0
DA:35,0
DA:37,0
LF:31
LH:0
BRDA:1,0,0,0
BRF:1
BRH:0
end_of_record
TN:
SF:src/main.jsx
FN:1,(empty-report)
FNF:1
FNH:0
FNDA:0,(empty-report)
DA:1,0
DA:2,0
DA:4,0
DA:5,0
DA:7,0
DA:8,0
DA:9,0
DA:11,0
DA:12,0
DA:13,0
LF:10
LH:0
BRDA:1,0,0,0
BRF:1
BRH:0
end_of_record
TN:
SF:src/components/LogoutButton.jsx
FN:3,LogoutButton
FN:6,logOut
FNF:2
FNH:1
FNDA:16,LogoutButton
FNDA:0,logOut
DA:1,1
DA:3,16
DA:4,16
DA:6,16
DA:7,0
DA:8,0
DA:9,0
DA:11,16
DA:12,16
DA:14,1
LF:10
LH:7
BRDA:3,0,0,16
BRF:1
BRH:1
end_of_record
TN:
SF:src/components/Post.jsx
FN:1,Post
FNF:1
FNH:1
FNDA:3,Post
DA:1,3
DA:2,3
DA:3,3
DA:5,1
LF:4
LH:4
BRDA:1,0,0,3
BRF:1
BRH:1
end_of_record
TN:
SF:src/pages/Feed/FeedPage.jsx
FN:8,FeedPage
FN:35,handleSubmit
FN:56,onChange
FNF:3
FNH:3
FNDA:18,FeedPage
FNDA:1,handleSubmit
FNDA:11,onChange
DA:1,1
DA:2,1
DA:4,1
DA:5,1
DA:6,1
DA:8,1
DA:9,18
DA:10,18
DA:11,18
DA:13,18
DA:14,3
DA:15,3
DA:16,3
DA:17,2
DA:18,2
DA:19,2
DA:20,2
DA:21,2
DA:22,2
DA:23,0
DA:24,0
DA:25,0
DA:26,2
DA:27,18
DA:29,18
DA:30,18
DA:31,1
DA:32,1
DA:33,1
DA:35,16
DA:36,1
DA:37,1
DA:38,1
DA:39,1
DA:40,1
DA:41,1
DA:42,1
DA:43,0
DA:44,0
DA:45,1
DA:47,16
DA:48,16
DA:49,16
DA:50,16
DA:51,16
DA:52,16
DA:53,16
DA:54,16
DA:55,16
DA:56,16
DA:57,16
DA:58,16
DA:61,16
DA:65,16
DA:66,16
DA:69,16
DA:72,16
DA:74,1
DA:75,1
DA:76,1
DA:77,1
DA:78,1
DA:79,1
DA:80,1
DA:81,1
DA:82,1
DA:83,1
DA:84,1
DA:85,1
DA:86,1
DA:87,1
DA:88,1
DA:89,1
DA:90,1
DA:91,1
DA:92,1
LF:76
LH:71
BRDA:8,0,0,18
BRDA:30,1,0,1
BRDA:33,2,0,16
BRDA:13,3,0,3
BRDA:16,4,0,2
BRDA:18,5,0,2
BRDA:35,6,0,1
BRDA:42,7,0,0
BRDA:56,8,0,11
BRF:9
BRH:8
end_of_record
TN:
SF:src/pages/Home/HomePage.jsx
FN:5,HomePage
FNF:1
FNH:1
FNDA:3,HomePage
DA:1,1
DA:3,1
DA:5,1
DA:6,3
DA:7,3
DA:8,3
DA:9,3
DA:10,3
DA:13,3
LF:9
LH:9
BRDA:5,0,0,3
BRF:1
BRH:1
end_of_record
TN:
SF:src/pages/Login/LoginPage.jsx
FN:6,LoginPage
FN:11,handleSubmit
FN:23,handleEmailChange
FN:27,handlePasswordChange
FNF:4
FNH:4
FNDA:58,LoginPage
FNDA:3,handleSubmit
FNDA:42,handleEmailChange
FNDA:12,handlePasswordChange
DA:1,1
DA:2,1
DA:4,1
DA:6,1
DA:7,58
DA:8,58
DA:9,58
DA:11,58
DA:12,3
DA:13,3
DA:14,3
DA:15,2
DA:16,2
DA:17,3
DA:18,1
DA:19,1
DA:20,1
DA:21,3
DA:23,58
DA:24,42
DA:25,42
DA:27,58
DA:28,12
DA:29,12
DA:31,58
DA:32,58
DA:33,58
DA:34,58
DA:35,58
DA:36,58
DA:37,58
DA:38,58
DA:39,58
DA:40,58
DA:42,58
DA:43,58
DA:44,58
DA:45,58
DA:46,58
DA:47,58
DA:49,58
DA:53,58
LF:42
LH:42
BRDA:6,0,0,58
BRDA:11,1,0,3
BRDA:14,2,0,2
BRDA:17,3,0,1
BRDA:23,4,0,42
BRDA:27,5,0,12
BRF:6
BRH:6
end_of_record
TN:
SF:src/pages/Signup/SignupPage.jsx
FN:7,SignupPage
FN:15,notify
FN:17,validatePassword
FN:35,handleSubmit
FN:56,handleFirstNameChange
FN:59,handleLastNameChange
FN:63,handleEmailChange
FN:67,handlePasswordChange
FN:71,handleConfirmPasswordChange
FNF:9
FNH:9
FNDA:121,SignupPage
FNDA:1,notify
FNDA:3,validatePassword
FNDA:3,handleSubmit
FNDA:12,handleFirstNameChange
FNDA:9,handleLastNameChange
FNDA:42,handleEmailChange
FNDA:27,handlePasswordChange
FNDA:27,handleConfirmPasswordChange
DA:1,1
DA:2,1
DA:3,1
DA:4,1
DA:5,1
DA:7,1
DA:8,121
DA:9,121
DA:10,121
DA:11,121
DA:12,121
DA:13,121
DA:15,121
DA:17,121
DA:18,3
DA:19,0
DA:20,0
DA:21,3
DA:22,0
DA:23,0
DA:24,3
DA:25,0
DA:26,0
DA:27,3
DA:28,0
DA:29,0
DA:30,3
DA:31,0
DA:32,0
DA:33,3
DA:35,121
DA:36,3
DA:37,3
DA:38,3
DA:39,0
DA:40,0
DA:41,3
DA:42,3
DA:43,0
DA:44,0
DA:46,3
DA:47,3
DA:48,2
DA:49,3
DA:50,1
DA:51,1
DA:52,1
DA:53,1
DA:54,3
DA:56,121
DA:57,12
DA:58,12
DA:59,121
DA:60,9
DA:61,9
DA:63,121
DA:64,42
DA:65,42
DA:67,121
DA:68,27
DA:69,27
DA:71,121
DA:72,27
DA:73,27
DA:75,121
DA:76,121
DA:77,121
DA:78,121
DA:79,121
DA:80,121
DA:81,121
DA:82,121
DA:83,121
DA:84,121
DA:85,121
DA:86,121
DA:88,121
DA:89,121
DA:90,121
DA:91,121
DA:92,121
DA:93,121
DA:94,121
DA:96,121
DA:97,121
DA:98,121
DA:99,121
DA:100,121
DA:101,121
DA:102,121
DA:104,121
DA:105,121
DA:106,121
DA:107,121
DA:108,121
DA:109,121
DA:110,121
DA:111,121
DA:112,121
DA:113,121
DA:115,121
DA:116,121
DA:117,121
DA:118,121
DA:119,121
DA:120,121
DA:121,121
DA:122,121
DA:124,121
DA:128,121
LF:110
LH:96
BRDA:7,0,0,121
BRDA:15,1,0,1
BRDA:17,2,0,3
BRDA:18,3,0,0
BRDA:21,4,0,0
BRDA:24,5,0,0
BRDA:27,6,0,0
BRDA:30,7,0,0
BRDA:35,8,0,3
BRDA:38,9,0,0
BRDA:42,10,0,0
BRDA:47,11,0,2
BRDA:49,12,0,1
BRDA:56,13,0,12
BRDA:59,14,0,9
BRDA:63,15,0,42
BRDA:67,16,0,27
BRDA:71,17,0,27
BRF:18
BRH:11
end_of_record
TN:
SF:src/services/authentication.js
FN:4,login
FN:31,signup
FNF:2
FNH:2
FNDA:3,login
FNDA:3,signup
DA:1,1
DA:2,1
DA:4,1
DA:5,3
DA:6,3
DA:7,3
DA:8,3
DA:10,3
DA:11,3
DA:12,3
DA:13,3
DA:14,3
DA:15,3
DA:16,3
DA:18,3
DA:20,3
DA:21,3
DA:22,2
DA:23,2
DA:24,3
DA:25,1
DA:26,1
DA:27,1
DA:28,1
DA:29,3
DA:31,1
DA:32,3
DA:33,3
DA:34,3
DA:35,3
DA:36,3
DA:37,3
DA:39,3
DA:40,3
DA:41,3
DA:42,3
DA:43,3
DA:44,3
DA:45,3
DA:47,3
DA:49,3
DA:50,3
DA:51,2
DA:52,3
DA:53,1
DA:54,1
DA:55,1
DA:56,1
DA:57,3
LF:49
LH:49
BRDA:4,0,0,3
BRDA:21,1,0,2
BRDA:24,2,0,1
BRDA:31,3,0,3
BRDA:50,4,0,2
BRDA:52,5,0,1
BRF:6
BRH:6
end_of_record
TN:
SF:src/services/posts.js
FN:4,getPosts
FN:22,createPost
FNF:2
FNH:2
FNDA:2,getPosts
FNDA:3,createPost
DA:1,1
DA:2,1
DA:4,1
DA:5,2
DA:6,2
DA:7,2
DA:8,2
DA:9,2
DA:10,2
DA:12,2
DA:14,2
DA:15,1
DA:16,1
DA:18,1
DA:19,1
DA:20,1
DA:22,1
DA:23,3
DA:24,3
DA:25,3
DA:26,3
DA:27,3
DA:28,3
DA:29,3
DA:30,3
DA:31,3
DA:33,3
DA:34,1
DA:35,1
DA:37,2
DA:38,2
DA:39,2
DA:40,2
LF:33
LH:33
BRDA:4,0,0,2
BRDA:14,1,0,1
BRDA:22,2,0,3
BRDA:33,3,0,1
BRDA:35,4,0,2
BRF:5
BRH:5
end_of_record
TN:
SF:src/services/users.js
FN:1,(empty-report)
FNF:1
FNH:0
FNDA:0,(empty-report)
DA:1,0
DA:3,0
DA:4,0
DA:6,0
DA:7,0
DA:8,0
DA:9,0
DA:10,0
DA:11,0
DA:13,0
DA:14,0
DA:15,0
LF:12
LH:0
BRDA:1,0,0,0
BRF:1
BRH:0
end_of_record
