TN:
SF:controllers/authentication.js
FN:4,createToken
FNF:1
FNH:1
FNDA:3,createToken
DA:1,3
DA:2,3
DA:5,3
DA:6,3
DA:8,3
DA:9,3
DA:10,1
DA:11,1
DA:12,2
DA:13,1
DA:14,1
DA:16,1
DA:17,1
DA:21,3
DA:25,3
LF:15
LH:15
BRDA:9,0,0,1
BRDA:9,0,1,2
BRDA:12,1,0,1
BRDA:12,1,1,1
BRF:4
BRH:4
end_of_record
TN:
SF:controllers/posts.js
FN:4,getAllPosts
FN:10,createPost
FNF:2
FNH:2
FNDA:3,getAllPosts
FNDA:3,createPost
DA:1,3
DA:2,3
DA:5,3
DA:6,3
DA:7,3
DA:11,3
DA:12,3
DA:14,3
DA:15,3
DA:18,3
DA:23,3
LF:11
LH:11
BRF:0
BRH:0
end_of_record
TN:
SF:controllers/users.js
FN:4,getUser
FN:19,create
FN:28,(anonymous_2)
FN:32,(anonymous_3)
FNF:4
FNH:3
FNDA:0,getUser
FNDA:6,create
FNDA:2,(anonymous_2)
FNDA:4,(anonymous_3)
DA:1,3
DA:2,3
DA:5,0
DA:7,0
DA:9,0
DA:10,0
DA:13,0
DA:14,0
DA:16,0
DA:20,6
DA:21,6
DA:22,6
DA:23,6
DA:25,6
DA:26,6
DA:29,2
DA:30,2
DA:33,4
DA:34,4
DA:38,3
DA:43,3
LF:21
LH:14
BRDA:9,0,0,0
BRDA:9,0,1,0
BRF:2
BRH:0
end_of_record
TN:
SF:lib/token.js
FN:10,generateToken
FN:26,decodeToken
FNF:2
FNH:2
FNDA:9,generateToken
FNDA:2,decodeToken
DA:1,4
DA:2,4
DA:11,9
DA:12,9
DA:13,9
DA:17,9
DA:23,9
DA:27,2
DA:30,4
LF:9
LH:9
BRF:0
BRH:0
end_of_record
TN:
SF:middleware/tokenChecker.js
FN:4,tokenChecker
FNF:1
FNH:1
FNDA:12,tokenChecker
DA:1,3
DA:6,12
DA:8,12
DA:9,6
DA:12,12
DA:13,12
DA:14,6
DA:16,6
DA:17,0
DA:21,6
DA:22,6
DA:24,6
DA:25,6
DA:29,3
LF:14
LH:13
BRDA:8,0,0,6
BRDA:8,0,1,6
BRDA:16,1,0,0
BRDA:16,1,1,6
BRF:4
BRH:3
end_of_record
TN:
SF:models/post.js
FNF:0
FNH:0
DA:1,4
DA:5,4
DA:11,4
DA:15,4
DA:16,4
DA:18,4
LF:6
LH:6
BRF:0
BRH:0
end_of_record
TN:
SF:models/user.js
FNF:0
FNH:0
DA:1,4
DA:3,4
DA:10,4
DA:12,4
LF:4
LH:4
BRF:0
BRH:0
end_of_record
