TN:
SF:controllers/authentication.js
FN:4,createToken
FNF:1
FNH:1
FNDA:3,createToken
DA:1,3
DA:2,3
DA:5,3
DA:6,3
DA:8,3
DA:9,3
DA:10,1
DA:11,1
DA:12,2
DA:13,1
DA:14,1
DA:16,1
DA:17,1
DA:21,3
DA:25,3
LF:15
LH:15
BRDA:9,0,0,1
BRDA:9,0,1,2
BRDA:12,1,0,1
BRDA:12,1,1,1
BRF:4
BRH:4
end_of_record
TN:
SF:controllers/posts.js
FN:4,getAllPosts
FN:11,getUserPosts
FN:22,createPost
FN:32,deletePost
FNF:4
FNH:2
FNDA:3,getAllPosts
FNDA:0,getUserPosts
FNDA:3,createPost
FNDA:0,deletePost
DA:1,3
DA:2,3
DA:5,3
DA:6,3
DA:7,3
DA:8,3
DA:12,0
DA:13,0
DA:14,0
DA:17,0
DA:18,0
DA:19,0
DA:23,3
DA:24,3
DA:25,3
DA:26,3
DA:28,3
DA:29,3
DA:33,0
DA:34,0
DA:36,0
DA:37,0
DA:39,0
DA:41,0
DA:42,0
DA:45,3
DA:52,3
LF:27
LH:14
BRDA:13,0,0,0
BRDA:13,0,1,0
BRDA:36,1,0,0
BRDA:36,1,1,0
BRF:4
BRH:0
end_of_record
TN:
SF:controllers/users.js
FN:3,getUser
FN:18,getUserByName
FN:35,create
FN:44,(anonymous_3)
FN:48,(anonymous_4)
FN:54,friendUser
FN:73,(anonymous_6)
FN:77,(anonymous_7)
FN:83,unFriendUser
FN:94,(anonymous_9)
FN:98,(anonymous_10)
FN:104,getMe
FN:128,getUserBySlug
FNF:13
FNH:3
FNDA:0,getUser
FNDA:0,getUserByName
FNDA:6,create
FNDA:2,(anonymous_3)
FNDA:4,(anonymous_4)
FNDA:0,friendUser
FNDA:0,(anonymous_6)
FNDA:0,(anonymous_7)
FNDA:0,unFriendUser
FNDA:0,(anonymous_9)
FNDA:0,(anonymous_10)
FNDA:0,getMe
FNDA:0,getUserBySlug
DA:1,3
DA:4,0
DA:6,0
DA:8,0
DA:9,0
DA:12,0
DA:13,0
DA:15,0
DA:19,0
DA:21,0
DA:28,0
DA:29,0
DA:32,0
DA:36,6
DA:37,6
DA:38,6
DA:39,6
DA:41,6
DA:42,6
DA:45,2
DA:46,2
DA:49,4
DA:50,4
DA:55,0
DA:56,0
DA:66,0
DA:67,0
DA:72,0
DA:74,0
DA:75,0
DA:78,0
DA:79,0
DA:84,0
DA:85,0
DA:87,0
DA:88,0
DA:93,0
DA:95,0
DA:96,0
DA:99,0
DA:100,0
DA:105,0
DA:106,0
DA:107,0
DA:110,0
DA:111,0
DA:112,0
DA:115,0
DA:116,0
DA:118,0
DA:129,0
DA:130,0
DA:131,0
DA:133,0
DA:135,0
DA:140,0
DA:141,0
DA:144,0
DA:145,0
DA:147,0
DA:151,3
DA:161,3
LF:62
LH:13
BRDA:8,0,0,0
BRDA:8,0,1,0
BRDA:28,1,0,0
BRDA:28,1,1,0
BRDA:106,2,0,0
BRDA:106,2,1,0
BRDA:111,3,0,0
BRDA:111,3,1,0
BRDA:130,4,0,0
BRDA:130,4,1,0
BRDA:140,5,0,0
BRDA:140,5,1,0
BRDA:144,6,0,0
BRDA:144,6,1,0
BRDA:144,7,0,0
BRDA:144,7,1,0
BRF:16
BRH:0
end_of_record
TN:
SF:lib/token.js
FN:10,generateToken
FN:26,decodeToken
FNF:2
FNH:2
FNDA:9,generateToken
FNDA:2,decodeToken
DA:1,4
DA:2,4
DA:11,9
DA:12,9
DA:13,9
DA:17,9
DA:23,9
DA:27,2
DA:30,4
LF:9
LH:9
BRF:0
BRH:0
end_of_record
TN:
SF:middleware/tokenChecker.js
FN:4,tokenChecker
FNF:1
FNH:1
FNDA:12,tokenChecker
DA:1,3
DA:6,12
DA:8,12
DA:9,6
DA:12,12
DA:13,12
DA:14,6
DA:16,6
DA:17,0
DA:21,6
DA:22,6
DA:24,6
DA:25,6
DA:29,3
LF:14
LH:13
BRDA:8,0,0,6
BRDA:8,0,1,6
BRDA:16,1,0,0
BRDA:16,1,1,6
BRF:4
BRH:3
end_of_record
TN:
SF:models/post.js
FNF:0
FNH:0
DA:1,4
DA:5,4
DA:13,4
DA:20,4
LF:4
LH:4
BRF:0
BRH:0
end_of_record
TN:
SF:models/user.js
FNF:0
FNH:0
DA:1,4
DA:3,4
DA:12,4
DA:14,4
LF:4
LH:4
BRF:0
BRH:0
end_of_record
